<?xml version="1.0" encoding="UTF-8"?>
<!-- Generated by org.testng.reporters.JUnitReportReporter -->
<testsuite hostname="vimal" failures="0" tests="46" name="day45.DataProviderAnnotation" time="120.821" errors="1" timestamp="2024-12-24T14:44:00 IST" skipped="0">
  <testcase classname="day45.DataProviderAnnotation" name="loginTest" time="2.113"/>
  <system-out/>
  <testcase classname="day45.DataProviderAnnotation" name="loginTest" time="5.673"/>
  <system-out/>
  <testcase classname="day45.DataProviderAnnotation" name="loginTest" time="2.149"/>
  <system-out/>
  <testcase classname="day45.DataProviderAnnotation" name="loginTest" time="2.888"/>
  <system-out/>
  <testcase classname="day45.DataProviderAnnotation" name="loginTest" time="2.383"/>
  <system-out/>
  <testcase classname="day45.DataProviderAnnotation" name="loginTest" time="2.088"/>
  <system-out/>
  <testcase classname="day45.DataProviderAnnotation" name="loginTest" time="2.066"/>
  <system-out/>
  <testcase classname="day45.DataProviderAnnotation" name="loginTest" time="2.083"/>
  <system-out/>
  <testcase classname="day45.DataProviderAnnotation" name="loginTest" time="2.865"/>
  <system-out/>
  <testcase classname="day45.DataProviderAnnotation" name="loginTest" time="2.083"/>
  <system-out/>
  <testcase classname="day45.DataProviderAnnotation" name="loginTest" time="2.077"/>
  <system-out/>
  <testcase classname="day45.DataProviderAnnotation" name="loginTest" time="10.623">
    <error message="Expected condition failed: waiting for visibility of element located by By.xpath: //p[@class=&#039;oxd-text oxd-text--p oxd-alert-content-text&#039;] (tried for 10 second(s) with 500 milliseconds interval)
Build info: version: &#039;4.27.0&#039;, revision: &#039;d6e718d134&#039;
System info: os.name: &#039;Windows 11&#039;, os.arch: &#039;amd64&#039;, os.version: &#039;10.0&#039;, java.version: &#039;21.0.5&#039;
Driver info: org.openqa.selenium.chrome.ChromeDriver
Capabilities {acceptInsecureCerts: false, browserName: chrome, browserVersion: 131.0.6778.205, chrome: {chromedriverVersion: 131.0.6778.204 (52183f9e99a..., userDataDir: C:\Users\vimal\AppData\Loca...}, fedcm:accounts: true, goog:chromeOptions: {debuggerAddress: localhost:49878}, networkConnectionEnabled: false, pageLoadStrategy: normal, platformName: windows, proxy: Proxy(), se:cdp: ws://localhost:49878/devtoo..., se:cdpVersion: 131.0.6778.205, setWindowRect: true, strictFileInteractability: false, timeouts: {implicit: 0, pageLoad: 300000, script: 30000}, unhandledPromptBehavior: dismiss and notify, webauthn:extension:credBlob: true, webauthn:extension:largeBlob: true, webauthn:extension:minPinLength: true, webauthn:extension:prf: true, webauthn:virtualAuthenticators: true}
Session ID: ce8a01f6b04ab4d27d92f830599f92ba" type="org.openqa.selenium.TimeoutException">
      <![CDATA[org.openqa.selenium.TimeoutException: Expected condition failed: waiting for visibility of element located by By.xpath: //p[@class='oxd-text oxd-text--p oxd-alert-content-text'] (tried for 10 second(s) with 500 milliseconds interval)
Build info: version: '4.27.0', revision: 'd6e718d134'
System info: os.name: 'Windows 11', os.arch: 'amd64', os.version: '10.0', java.version: '21.0.5'
Driver info: org.openqa.selenium.chrome.ChromeDriver
Capabilities {acceptInsecureCerts: false, browserName: chrome, browserVersion: 131.0.6778.205, chrome: {chromedriverVersion: 131.0.6778.204 (52183f9e99a..., userDataDir: C:\Users\vimal\AppData\Loca...}, fedcm:accounts: true, goog:chromeOptions: {debuggerAddress: localhost:49878}, networkConnectionEnabled: false, pageLoadStrategy: normal, platformName: windows, proxy: Proxy(), se:cdp: ws://localhost:49878/devtoo..., se:cdpVersion: 131.0.6778.205, setWindowRect: true, strictFileInteractability: false, timeouts: {implicit: 0, pageLoad: 300000, script: 30000}, unhandledPromptBehavior: dismiss and notify, webauthn:extension:credBlob: true, webauthn:extension:largeBlob: true, webauthn:extension:minPinLength: true, webauthn:extension:prf: true, webauthn:virtualAuthenticators: true}
Session ID: ce8a01f6b04ab4d27d92f830599f92ba
at org.openqa.selenium.support.ui.WebDriverWait.timeoutException(WebDriverWait.java:84)
at org.openqa.selenium.support.ui.FluentWait.until(FluentWait.java:228)
at day45.DataProviderAnnotation.loginTest(DataProviderAnnotation.java:78)
at java.base/jdk.internal.reflect.DirectMethodHandleAccessor.invoke(DirectMethodHandleAccessor.java:103)
at java.base/java.lang.reflect.Method.invoke(Method.java:580)
at org.testng.internal.MethodInvocationHelper.invokeMethod(MethodInvocationHelper.java:133)
at org.testng.internal.TestInvoker.invokeMethod(TestInvoker.java:598)
at org.testng.internal.TestInvoker.invokeTestMethod(TestInvoker.java:173)
at org.testng.internal.MethodRunner.runInSequence(MethodRunner.java:46)
at org.testng.internal.TestInvoker$MethodInvocationAgent.invoke(TestInvoker.java:824)
at org.testng.internal.TestInvoker.invokeTestMethods(TestInvoker.java:146)
at org.testng.internal.TestMethodWorker.invokeTestMethods(TestMethodWorker.java:146)
at org.testng.internal.TestMethodWorker.run(TestMethodWorker.java:128)
at java.base/java.util.ArrayList.forEach(ArrayList.java:1596)
at org.testng.TestRunner.privateRun(TestRunner.java:794)
at org.testng.TestRunner.run(TestRunner.java:596)
at org.testng.SuiteRunner.runTest(SuiteRunner.java:377)
at org.testng.SuiteRunner.runSequentially(SuiteRunner.java:371)
at org.testng.SuiteRunner.privateRun(SuiteRunner.java:332)
at org.testng.SuiteRunner.run(SuiteRunner.java:276)
at org.testng.SuiteRunnerWorker.runSuite(SuiteRunnerWorker.java:53)
at org.testng.SuiteRunnerWorker.run(SuiteRunnerWorker.java:96)
at org.testng.TestNG.runSuitesSequentially(TestNG.java:1212)
at org.testng.TestNG.runSuitesLocally(TestNG.java:1134)
at org.testng.TestNG.runSuites(TestNG.java:1063)
at org.testng.TestNG.run(TestNG.java:1031)
at org.testng.remote.AbstractRemoteTestNG.run(AbstractRemoteTestNG.java:115)
at org.testng.remote.RemoteTestNG.initAndRun(RemoteTestNG.java:293)
at org.testng.remote.RemoteTestNG.main(RemoteTestNG.java:91)
]]>
    </error>
  </testcase> <!-- loginTest -->
  <system-out/>
  <testcase classname="day45.DataProviderAnnotation" name="loginTest" time="2.035"/>
  <system-out/>
  <testcase classname="day45.DataProviderAnnotation" name="loginTest" time="2.109"/>
  <system-out/>
  <testcase classname="day45.DataProviderAnnotation" name="loginTest" time="5.310"/>
  <system-out/>
  <testcase classname="day45.DataProviderAnnotation" name="loginTest" time="2.098"/>
  <system-out/>
  <testcase classname="day45.DataProviderAnnotation" name="loginTest" time="2.050"/>
  <system-out/>
  <testcase classname="day45.DataProviderAnnotation" name="loginTest" time="2.098"/>
  <system-out/>
  <testcase classname="day45.DataProviderAnnotation" name="loginTest" time="2.589"/>
  <system-out/>
  <testcase classname="day45.DataProviderAnnotation" name="loginTest" time="2.830"/>
  <system-out/>
  <testcase classname="day45.DataProviderAnnotation" name="loginTest" time="2.191"/>
  <system-out/>
  <testcase classname="day45.DataProviderAnnotation" name="loginTest" time="2.523"/>
  <system-out/>
  <testcase classname="day45.DataProviderAnnotation" name="loginTest" time="2.071"/>
  <system-out/>
  <testcase classname="day45.DataProviderAnnotation" name="loginTest" time="2.049"/>
  <system-out/>
  <testcase classname="day45.DataProviderAnnotation" name="loginTest" time="2.044"/>
  <system-out/>
  <testcase classname="day45.DataProviderAnnotation" name="loginTest" time="3.345"/>
  <system-out/>
  <testcase classname="day45.DataProviderAnnotation" name="loginTest" time="2.182"/>
  <system-out/>
  <testcase classname="day45.DataProviderAnnotation" name="loginTest" time="2.085"/>
  <system-out/>
  <testcase classname="day45.DataProviderAnnotation" name="loginTest" time="2.005"/>
  <system-out/>
  <testcase classname="day45.DataProviderAnnotation" name="loginTest" time="2.074"/>
  <system-out/>
  <testcase classname="day45.DataProviderAnnotation" name="loginTest" time="2.084"/>
  <system-out/>
  <testcase classname="day45.DataProviderAnnotation" name="loginTest" time="2.078"/>
  <system-out/>
  <testcase classname="day45.DataProviderAnnotation" name="loginTest" time="1.773"/>
  <system-out/>
  <testcase classname="day45.DataProviderAnnotation" name="loginTest" time="2.034"/>
  <system-out/>
  <testcase classname="day45.DataProviderAnnotation" name="loginTest" time="2.801"/>
  <system-out/>
  <testcase classname="day45.DataProviderAnnotation" name="loginTest" time="2.114"/>
  <system-out/>
  <testcase classname="day45.DataProviderAnnotation" name="loginTest" time="5.030"/>
  <system-out/>
  <testcase classname="day45.DataProviderAnnotation" name="loginTest" time="2.373"/>
  <system-out/>
  <testcase classname="day45.DataProviderAnnotation" name="loginTest" time="2.365"/>
  <system-out/>
  <testcase classname="day45.DataProviderAnnotation" name="loginTest" time="2.096"/>
  <system-out/>
  <testcase classname="day45.DataProviderAnnotation" name="loginTest" time="2.066"/>
  <system-out/>
  <testcase classname="day45.DataProviderAnnotation" name="loginTest" time="2.069"/>
  <system-out/>
  <testcase classname="day45.DataProviderAnnotation" name="loginTest" time="2.884"/>
  <system-out/>
  <testcase classname="day45.DataProviderAnnotation" name="loginTest" time="2.114"/>
  <system-out/>
  <testcase classname="day45.DataProviderAnnotation" name="loginTest" time="2.079"/>
  <system-out/>
  <testcase classname="day45.DataProviderAnnotation" name="loginTest" time="2.082"/>
  <system-out/>
</testsuite> <!-- day45.DataProviderAnnotation -->
